c:\users\kamushek\desktop\dll1\dll1\debug\dll1.pch
c:\users\kamushek\desktop\dll1\dll1\debug\vc141.pdb
c:\users\kamushek\desktop\dll1\dll1\debug\stdafx.obj
c:\users\kamushek\desktop\dll1\dll1\debug\dll1.obj
c:\users\kamushek\desktop\dll1\dll1\debug\assemblyinfo.obj
c:\users\kamushek\desktop\dll1\dll1\debug\.netframework,version=v4.6.1.assemblyattributes.obj
c:\users\kamushek\desktop\dll1\dll1\debug\.netframework,version=v4.6.1.assemblyattributes.asm
c:\users\kamushek\desktop\dll1\debug\dll1.lib
c:\users\kamushek\desktop\dll1\debug\dll1.exp
c:\users\kamushek\desktop\dll1\debug\dll1.dll
c:\users\kamushek\desktop\dll1\debug\dll1.pdb
c:\users\kamushek\desktop\dll1\dll1\debug\app.res
c:\users\kamushek\desktop\dll1\dll1\debug\dll1.vcxprojresolveassemblyreference.cache
c:\users\kamushek\desktop\dll1\dll1\debug\dll1.tlog\cl.command.1.tlog
c:\users\kamushek\desktop\dll1\dll1\debug\dll1.tlog\cl.read.1.tlog
c:\users\kamushek\desktop\dll1\dll1\debug\dll1.tlog\cl.write.1.tlog
c:\users\kamushek\desktop\dll1\dll1\debug\dll1.tlog\dll1.write.1u.tlog
c:\users\kamushek\desktop\dll1\dll1\debug\dll1.tlog\link.command.1.tlog
c:\users\kamushek\desktop\dll1\dll1\debug\dll1.tlog\link.read.1.tlog
c:\users\kamushek\desktop\dll1\dll1\debug\dll1.tlog\link.write.1.tlog
c:\users\kamushek\desktop\dll1\dll1\debug\dll1.tlog\metagen.read.1.tlog
c:\users\kamushek\desktop\dll1\dll1\debug\dll1.tlog\metagen.write.1.tlog
c:\users\kamushek\desktop\dll1\dll1\debug\dll1.tlog\rc.command.1.tlog
c:\users\kamushek\desktop\dll1\dll1\debug\dll1.tlog\rc.read.1.tlog
c:\users\kamushek\desktop\dll1\dll1\debug\dll1.tlog\rc.write.1.tlog
c:\users\kamushek\desktop\dll1\dll1\debug\dll1.tlog\rsaenh.dll.bi
c:\users\kamushek\desktop\dll1\dll1\debug\dll1.tlog\tzres.dll.bi
