d:\проекты\dll1\dll1\x64\debug\dll1.pch
d:\проекты\dll1\dll1\x64\debug\vc140.pdb
d:\проекты\dll1\dll1\x64\debug\stdafx.obj
d:\проекты\dll1\dll1\x64\debug\dll1.obj
d:\проекты\dll1\dll1\x64\debug\assemblyinfo.obj
d:\проекты\dll1\dll1\x64\debug\.netframework,version=v4.5.2.assemblyattributes.obj
d:\проекты\dll1\dll1\x64\debug\.netframework,version=v4.5.2.assemblyattributes.asm
d:\проекты\dll1\x64\debug\dll1.dll
d:\проекты\dll1\x64\debug\dll1.pdb
d:\проекты\dll1\dll1\x64\debug\app.res
d:\проекты\dll1\dll1\x64\debug\dll1.tlog\cl.command.1.tlog
d:\проекты\dll1\dll1\x64\debug\dll1.tlog\cl.read.1.tlog
d:\проекты\dll1\dll1\x64\debug\dll1.tlog\cl.write.1.tlog
d:\проекты\dll1\dll1\x64\debug\dll1.tlog\link.command.1.tlog
d:\проекты\dll1\dll1\x64\debug\dll1.tlog\link.read.1.tlog
d:\проекты\dll1\dll1\x64\debug\dll1.tlog\link.write.1.tlog
d:\проекты\dll1\dll1\x64\debug\dll1.tlog\metagen.read.1.tlog
d:\проекты\dll1\dll1\x64\debug\dll1.tlog\metagen.write.1.tlog
d:\проекты\dll1\dll1\x64\debug\dll1.tlog\rc.command.1.tlog
d:\проекты\dll1\dll1\x64\debug\dll1.tlog\rc.read.1.tlog
d:\проекты\dll1\dll1\x64\debug\dll1.tlog\rc.write.1.tlog
d:\проекты\dll1\dll1\x64\debug\dll1.tlog\tzres.dll.bi
